2020-12-29 10:30:17 [scrapy.utils.log] INFO: Scrapy 2.4.1 started (bot: scrapy_demo)
2020-12-29 10:30:17 [scrapy.utils.log] INFO: Versions: lxml 4.6.2.0, libxml2 2.9.10, cssselect 1.1.0, parsel 1.6.0, w3lib 1.22.0, Twisted 20.3.0, Python 3.8.6 (default, Oct 19 2020, 16:00:31) - [Clang 11.0.3 (clang-1103.0.32.62)], pyOpenSSL 20.0.1 (OpenSSL 1.1.1i  8 Dec 2020), cryptography 3.3.1, Platform macOS-10.15.7-x86_64-i386-64bit
2020-12-29 10:30:17 [scrapy.utils.log] DEBUG: Using reactor: twisted.internet.selectreactor.SelectReactor
2020-12-29 10:30:17 [scrapy.crawler] INFO: Overridden settings:
{'BOT_NAME': 'scrapy_demo',
 'FEED_EXPORT_ENCODING': 'utf-8',
 'LOG_FILE': './output/ettoday.log',
 'NEWSPIDER_MODULE': 'scrapy_demo.spiders',
 'ROBOTSTXT_OBEY': True,
 'SPIDER_MODULES': ['scrapy_demo.spiders']}
2020-12-29 10:30:17 [scrapy.extensions.telnet] INFO: Telnet Password: a5aeb18bf115df61
2020-12-29 10:30:17 [py.warnings] WARNING: /usr/local/lib/python3.8/site-packages/scrapy/extensions/feedexport.py:247: ScrapyDeprecationWarning: The `FEED_URI` and `FEED_FORMAT` settings have been deprecated in favor of the `FEEDS` setting. Please see the `FEEDS` setting docs for more details
  exporter = cls(crawler)

2020-12-29 10:30:17 [scrapy.middleware] INFO: Enabled extensions:
['scrapy.extensions.corestats.CoreStats',
 'scrapy.extensions.telnet.TelnetConsole',
 'scrapy.extensions.memusage.MemoryUsage',
 'scrapy.extensions.feedexport.FeedExporter',
 'scrapy.extensions.logstats.LogStats']
2020-12-29 10:30:17 [scrapy.middleware] INFO: Enabled downloader middlewares:
['scrapy.downloadermiddlewares.robotstxt.RobotsTxtMiddleware',
 'scrapy.downloadermiddlewares.httpauth.HttpAuthMiddleware',
 'scrapy.downloadermiddlewares.downloadtimeout.DownloadTimeoutMiddleware',
 'scrapy.downloadermiddlewares.defaultheaders.DefaultHeadersMiddleware',
 'scrapy.downloadermiddlewares.useragent.UserAgentMiddleware',
 'scrapy.downloadermiddlewares.retry.RetryMiddleware',
 'scrapy.downloadermiddlewares.redirect.MetaRefreshMiddleware',
 'scrapy.downloadermiddlewares.httpcompression.HttpCompressionMiddleware',
 'scrapy.downloadermiddlewares.redirect.RedirectMiddleware',
 'scrapy.downloadermiddlewares.cookies.CookiesMiddleware',
 'scrapy.downloadermiddlewares.httpproxy.HttpProxyMiddleware',
 'scrapy.downloadermiddlewares.stats.DownloaderStats']
2020-12-29 10:30:17 [scrapy.middleware] INFO: Enabled spider middlewares:
['scrapy.spidermiddlewares.httperror.HttpErrorMiddleware',
 'scrapy.spidermiddlewares.offsite.OffsiteMiddleware',
 'scrapy.spidermiddlewares.referer.RefererMiddleware',
 'scrapy.spidermiddlewares.urllength.UrlLengthMiddleware',
 'scrapy.spidermiddlewares.depth.DepthMiddleware']
2020-12-29 10:30:17 [scrapy.middleware] INFO: Enabled item pipelines:
[]
2020-12-29 10:30:17 [scrapy.core.engine] INFO: Spider opened
2020-12-29 10:30:17 [scrapy.extensions.logstats] INFO: Crawled 0 pages (at 0 pages/min), scraped 0 items (at 0 items/min)
2020-12-29 10:30:17 [scrapy.extensions.telnet] INFO: Telnet console listening on 127.0.0.1:6023
2020-12-29 10:30:17 [scrapy.core.engine] DEBUG: Crawled (200) <GET https://www.ettoday.net/robots.txt> (referer: None)
2020-12-29 10:30:17 [scrapy.core.engine] DEBUG: Crawled (200) <GET https://www.ettoday.net/news/20201004/1824032.htm> (referer: None)
2020-12-29 10:30:17 [scrapy.core.engine] DEBUG: Crawled (200) <GET https://www.ettoday.net/news/20201228/1886140.htm> (referer: None)
2020-12-29 10:30:17 [scrapy.core.engine] DEBUG: Crawled (200) <GET https://www.ettoday.net/news/20201228/1885895.htm> (referer: None)
2020-12-29 10:30:17 [scrapy.core.engine] DEBUG: Crawled (200) <GET https://www.ettoday.net/news/20201009/1826868.htm> (referer: None)
2020-12-29 10:30:17 [scrapy.core.engine] DEBUG: Crawled (200) <GET https://www.ettoday.net/news/20201228/1886071.htm> (referer: None)
2020-12-29 10:30:17 [scrapy.core.scraper] DEBUG: Scraped from <200 https://www.ettoday.net/news/20201004/1824032.htm>
{'content': ['記者蕭羽耘／台北報導',
             '這個周末將迎來國慶大會，2020年籌備委員會規劃三大亮點，一早空軍「雷虎小組」軍機分列式表演，將開放500民眾觀禮，晚間還有台南漁光島長達33分鐘的煙火秀，以及總統府建築投影光雕，系列活動屆時將讓民眾「大飽眼福」。',
             '國慶日系列活動吸睛，凱道一早舉行大典，將由空軍「雷虎小組」進行軍機分列式表演，陸軍的CH-47直升機和空軍的UH-60M直升機，也會先後飛越總統府上空，現場開放500名民眾觀禮。',
             '由於近期共機頻擾台，導致24日國慶預演時，戰機轟轟作響讓民眾恐慌，當時總統蔡英文甚至發文一解誤會，「今早台北市區的鬧鐘有點不一樣，這是國慶預演戰機飛行的聲音。」',
             '國慶晚間重頭戲還有煙火與總統府光雕，國慶煙火選在台南漁光島施放，總計長達33分鐘、共1萬7000發，為讓民眾有最佳的觀賞煙火體驗，台南市政府規劃多個場域，包括主舞台的安平戀愛廣場，副舞台的觀夕平台、1661台灣船園區、四鯤鯓（龍崗天橋停車場）等4個場地。',
             '至於光雕部分，由文化總會參與設計，以總統府為背景投放「口罩」、「豬肉」等圖樣，欲傳達這些成功的「台灣模式」，且象徵在動盪不安的國際情勢中，台灣仍能在黑暗中發出明亮的光，為國人指引方向，屹立風雨中守護國人，相當吸睛。'],
 'title': '雙十國慶節目三大亮點曝光\u3000內行攻略看這裡 | ETtoday政治新聞 | ETtoday新聞雲'}
2020-12-29 10:30:17 [scrapy.core.scraper] DEBUG: Scraped from <200 https://www.ettoday.net/news/20201228/1886140.htm>
{'content': ['記者許展溢／台北報導',
             '中央研究院今（28日）發布，化學研究所研究員王朝諺帶領的研究團隊在常溫下，成功合成穩定的單配位基（ligand）雙原子碳分子「R3P→C2」，成為全球首例，未來有望發展石墨烯、矽、鍺等半導體材料技術。最新研究已於11月30日登上國際期刊《自然-化學》（Nature '
             'Chemistry）。',
             '中研院說明，雙原子碳 (Free C2) '
             '是自然界中比較不穩定的分子，一般僅能在燭光中藍色火焰或宇宙星際中才能觀察到它的存在。相較於穩定存在的雙原子分子如氧氣(O2)和氮氣(N2)，科學家較無法掌握其化學和物理性質，並進行後續應用。配位基如同中心原子的衣服，可以使不可見、不穩定的分子現形。配位基越少，分子的性質越簡單乾淨，後續應用也更能排除其他因素。因此，為了要穩定中心原子，通常需要量身打造衣服。王朝諺解釋，過去研究幫雙原子碳穿的衣服比較多件，這次一件搞定。',
             '中研院指出，過往研究曾利用理論模擬演算雙原子碳的結構，並曾使用過二個以上的配位基以穩定雙原子碳，但合成出來的分子的化學和物理性質相對複雜。此次王朝諺研究團隊終於幫雙原子碳找到可以「單一」穩定交往的對象R3P。研究團隊利用專業化學技術成功合成常溫穩定的新分子R3P→C2，不僅闡釋了化學結構和電子組態的關係，也解開化學界一直以來各自表述雙原子碳化合物和雙原子碳性質的認知差異。',
             '此外，中研院提到，研究團隊也分析新分子 R3P→C2 的結構，並與德國馬爾堡大學理論計算專家Gernot '
             'Frenking教授和大陸南京工業大學的Lili Zhao教授跨國合作。採用先進的能量分解分析（Energy '
             'Decomposition Analysis, EDA）的計算技術，深入探討其結構特性。實驗證實，R3P→C2在 '
             'C2部分的兩個碳原子皆有意想不到的反應活性，此發現有助發展碳、矽、鍺等碳族之新型態化學反應，並應用於催化反應。未來此分子也可延伸發展新型化學品及石墨烯、矽、鍺等相關半導體材料開發。'],
 'title': '全球首例！中研院合成「雙原子碳分子」\u3000有望發展半導體材料技術 | ETtoday生活新聞 | ETtoday新聞雲'}
2020-12-29 10:30:17 [scrapy.core.scraper] DEBUG: Scraped from <200 https://www.ettoday.net/news/20201228/1885895.htm>
{'content': ['實習記者周依儒／綜合報導',
             '台南市私立崑山中學歷經種種風波後轉型為國際學校，不過日前有台南網友經過崑山中學校門口時，卻發現連校門口招牌的英文都拼錯！國際化的英文「international」變成「intermational」，讓該名網友立刻拍下照片PO到「台南爆料公社」，引發討論。',
             '原PO在「台南爆料公社」貼上校門口招牌的照片發文指出，原來崑山中學低調的升級了，並寫下「大家來找碴」、「社團有認識學校的行政或校長的嗎」、「我怕之後招生會有困難啦」。仔細一看招牌，原來國際學校的英文「International '
             'School」被拼成「Intermational School」，且連崑山的英文「KUEN SHAN」都少了一個「E」！',
             '對此，網友在下面回覆，「廠商施工完學校都沒驗收嗎，還是驗收的人根本不懂英文」、「升級還寫錯字母，你覺得我會相信升級嗎」、「太國際了吧」、「國際學校變國際笑話吧」、「好不容易改個厲害的校名結果被英文翻譯雷掉了」、「廠商累了」、「這樣招生真的很難啦」、「這英文程度還國際啊」。',
             '不過，有校內相關人士在留言處表示，「學校招牌目前仍在整修中，尚未完工，廠商星期五（12/25）下午裝置時就已經發現錯誤並告知修正，沒想到還來不及修正、也未將尚未完工的部分蓋上，就造成廣大討論，足見大家的英文能力佳，造成騷動學校感到抱歉，待完工後會正式揭牌，正式對外發布。」'],
 'title': '台南崑山中學轉型國際學校\u3000校名拼錯英文...網笑：怎麼招生啦！ | ETtoday生活新聞 | ETtoday新聞雲'}
2020-12-29 10:30:17 [scrapy.core.scraper] DEBUG: Scraped from <200 https://www.ettoday.net/news/20201009/1826868.htm>
{'content': ['記者許展溢／台北報導',
             '國慶假期到阿里山國家森林遊樂區入園半票優惠外，林務局嘉義林區管理處指出，也推出親子活動，雙十連假首日（9日)至阿里山姊妹潭體驗「為森林上色」，在透明小屋中一起盡情揮灑畫筆上色，與森林、湖畔相互輝映，打造阿里山裝置藝術，還有加碼秋日限定禮品、手做阿里山石膏植拓畫，將阿里山的美好帶回家。',
             '嘉義林管處處長張岱表示，秋天的阿里山是最溫暖的顏色，今年特別在如夢似幻的妹潭打造透明彩繪小屋，邀請民眾共筆，繽紛顏料堆疊於透明牆面，看出去與妹潭的湖光山色、紅檜天然下種林的美景中相互輝映，創造阿里山新裝置藝術。',
             '嘉義林管處指出，除了手繪活動，當日還有「植拓手作」定格植物美好瞬間，由達人現場教學，利用石膏的特性將植物封存；特別以阿里山採集到的乾燥植物作為素材，參加者可以挑選自己喜歡的元素，創作獨一無二的植物手作，帶走專屬阿里山秋日紀念。活動共分上午（9-12時）、下午（13-16時）2場次，限定名額各30組。',
             '嘉義林管處提醒，本次活動採KKTIX購票平台，為提倡攜家帶眷，親子票一大一小（12歲以下）與全票同價只要500元，而有身心障礙者採半價優惠250元，入場還可兌換「秋季限定好禮」及「限量拍立得」。阿里山已邁入秋裝，來場阿里山之旅，日間捕捉青楓及櫻花葉轉紅的美景、傍晚追逐日落雲海，搭配「秋季彩繪森林」活動，不管是親子同樂、還是好友揪團一起都適合。'],
 'title': '阿里山遊樂區門票半價\u3000還要送「秋季限定好禮、限量拍立得」 | ETtoday生活新聞 | ETtoday新聞雲'}
2020-12-29 10:30:17 [scrapy.core.scraper] DEBUG: Scraped from <200 https://www.ettoday.net/news/20201228/1886071.htm>
{'content': ['記者林育綾／台北報導',
             '常為同志人權及性別議題發聲的吳少喬，今（28）日在臉書粉專分享，她幫小學高年級生上性侵防制時，談到男女生的私密部位不同，一位孩子拿著《鬼滅之刃》伊之助的貼紙問「伊之助也違法了嗎？」她解釋現行法規只有女性裸露胸部才算違法之後，也引發學生們認為「好不公平喔！」後續她也表示，現行法條「真的很需要性平委員們大調整」。',
             '吳少喬今在個人粉專「',
             '」分享，她替小學高年級的孩子們上性侵防制時，談到男女生的私密部位不同，當孩子以《鬼滅之刃》的角色伊之助來提問時，她說，「你舉了個很好的例子，但伊之助是男生，男生的胸部不會在青春期發育後隆起。女生的胸部會在青春期後發育隆起，是為了未來可能要成為媽媽，在哺乳時方便給視力不好的寶寶喝奶。所以在台灣的法律，會把女性的胸部視為私密部位。在台灣如果能正常溝通的人，公然暴露了私密部位，也會違反『妨害善良風俗』會被處6千元以下的罰鍰喔！」',
             '而孩子們也回應「好不公平喔，為什麼女生的胸部算是私密部位，全世界都這樣認為嗎？」吳少喬又說明，大多亞洲國家都這樣認為，但在歐美的某些國家與州，有一個日子叫做Free '
             'the Nipple Day（解放乳頭日），讓女性可以跟男性一樣裸著上身出門。還透露如果有機會，自己也想參加這樣的活動。',
             '她表示，這些說明是為了讓孩子們理解台灣法規如何，在國際間又怎麼探討看待「女性胸部」與「男女平等」一事。更舉出現行《社會秩序維護法》當中，「以猥褻之言語、舉動或其他方法調戲異性者」就違法，讓她也驚呼，「調戲同性就免罰嗎？」、「我們的各項國家法條，真的很需要性平委員們大調整捏！」',
             '網友看了之後也回應，關於「調戲異性」才算違法那條法規有在修了；還有人說，其實男性的胸部也會隆起。另有網友質疑「跟男性一樣有平等露出胸部的權利，這個對女性有什麼好處？」、「雖然支持胸部裸露平等，但是想起某些(請注意是某些，別對號入座)男性會用有色眼鏡去看自己的胸部就覺得挺噁心」。',
             '吳少喬接受《ETtoday新聞雲》訪問表示，她曾經是全母乳的媽媽，在公共場合確實會有需要哺乳的需要，感慨說，「儘管台灣已經推動不歧視母乳哺育多年，但這世界真的對於女性乳房充滿各種偏見」。',
             '她強調，「如果女性與男性一樣，有平等可以裸露胸部的權利，對於哺乳媽媽的偏見也會變少。我們求的從不是好處，而是一種生為人不該被掛上『不同性別就該怎麼辦』的框架」。',
             '她更以親身經驗舉例，「我曾在火車上哺乳時被人用手機拍下，然後被竊竊私語評論著對錯。卻沒有人能體會女性光是要育兒，就已經充滿各種不平等的待遇，更何況明明是以孕育下一代而隆起的乳房，卻被貼上性器官不得裸露的污名。」'],
 'title': '鬼滅角色也違法嗎？男女「私密部位」不同\u3000小學生發問揭性平議題 | ETtoday生活新聞 | ETtoday新聞雲'}
2020-12-29 10:30:17 [scrapy.core.engine] INFO: Closing spider (finished)
2020-12-29 10:30:17 [scrapy.extensions.feedexport] INFO: Stored json feed (5 items) in: ./output/ettoday.json
2020-12-29 10:30:17 [scrapy.statscollectors] INFO: Dumping Scrapy stats:
{'downloader/request_bytes': 1425,
 'downloader/request_count': 6,
 'downloader/request_method_count/GET': 6,
 'downloader/response_bytes': 181484,
 'downloader/response_count': 6,
 'downloader/response_status_count/200': 6,
 'elapsed_time_seconds': 0.374218,
 'finish_reason': 'finished',
 'finish_time': datetime.datetime(2020, 12, 29, 2, 30, 17, 725154),
 'item_scraped_count': 5,
 'log_count/DEBUG': 11,
 'log_count/INFO': 11,
 'log_count/WARNING': 1,
 'memusage/max': 50118656,
 'memusage/startup': 50114560,
 'response_received_count': 6,
 'robotstxt/request_count': 1,
 'robotstxt/response_count': 1,
 'robotstxt/response_status_count/200': 1,
 'scheduler/dequeued': 5,
 'scheduler/dequeued/memory': 5,
 'scheduler/enqueued': 5,
 'scheduler/enqueued/memory': 5,
 'start_time': datetime.datetime(2020, 12, 29, 2, 30, 17, 350936)}
2020-12-29 10:30:17 [scrapy.core.engine] INFO: Spider closed (finished)
